<?xml version="1.0" encoding="UTF-8"?>
<!-- Generated by org.testng.reporters.JUnitReportReporter -->
<testsuite hostname="NAVEEN" failures="0" tests="1" name="com.qa.testscripts.TC_001" time="17.215" errors="0" timestamp="2023-05-07T07:35:19 IST" skipped="0">
  <testcase classname="com.qa.testscripts.TC_001" name="CountLinks" time="17.215"/>
  <system-out/>
</testsuite> <!-- com.qa.testscripts.TC_001 -->
